2022-04-17T17:38:33+00:00 CRITICAL Uncaught Error: Call to undefined function App\Controllers\envira_get_gallery_attrs() in F:\Project\wordpress\wp-content\themes\main-theme\app\Controllers\NavController.php:24
Stack trace:
#0 F:\Project\wordpress\wp-includes\class-wp-hook.php(307): App\Controllers\NavController->loadHeaderPC('')
#1 F:\Project\wordpress\wp-includes\class-wp-hook.php(331): WP_Hook->apply_filters('', Array)
#2 F:\Project\wordpress\wp-includes\plugin.php(474): WP_Hook->do_action(Array)
#3 F:\Project\wordpress\wp-content\themes\main-theme\app\views\header\navbar\navbar.php(14): do_action('pc_nav_content')
#4 F:\Project\wordpress\wp-includes\template.php(772): require('F:\\Project\\word...')
#5 F:\Project\wordpress\wp-includes\template.php(716): load_template('F:\\Project\\word...', false, Array)
#6 F:\Project\wordpress\wp-includes\general-template.php(204): locate_template(Array, true, false, Array)
#7 F:\Project\wordpress\wp-content\themes\main-theme\app\helpers\app.php(88): get_template_part('/app/views/head...', '', Array)
#8 F in F:\Project\wordpress\wp-content\themes\main-theme\app\Controllers\NavController.php on line 24

2022-04-17T17:38:58+00:00 CRITICAL Uncaught Error: Using $this when not in object context in F:\Project\wordpress\wp-content\plugins\envira-gallery-lite\envira-gallery-lite.php:673
Stack trace:
#0 F:\Project\wordpress\wp-content\themes\main-theme\app\Controllers\NavController.php(24): envira_get_gallery_attrs(Array)
#1 F:\Project\wordpress\wp-includes\class-wp-hook.php(307): App\Controllers\NavController->loadHeaderPC('')
#2 F:\Project\wordpress\wp-includes\class-wp-hook.php(331): WP_Hook->apply_filters('', Array)
#3 F:\Project\wordpress\wp-includes\plugin.php(474): WP_Hook->do_action(Array)
#4 F:\Project\wordpress\wp-content\themes\main-theme\app\views\header\navbar\navbar.php(14): do_action('pc_nav_content')
#5 F:\Project\wordpress\wp-includes\template.php(772): require('F:\\Project\\word...')
#6 F:\Project\wordpress\wp-includes\template.php(716): load_template('F:\\Project\\word...', false, Array)
#7 F:\Project\wordpress\wp-includes\general-template.php(204): locate_template(Array, true, false, Array)
#8 F:\Project\wordpress\wp-content\them in F:\Project\wordpress\wp-content\plugins\envira-gallery-lite\envira-gallery-lite.php on line 673

