2022-05-15T08:25:01+00:00 CRITICAL syntax error, unexpected 'endwhile' (T_ENDWHILE), expecting end of file in F:\Project\wordpress\wp-content\themes\main-theme\app\views\layouts\product\content.php on line 4

2022-05-15T11:50:47+00:00 CRITICAL Object of class WP_Error could not be converted to string in F:\Project\wordpress\wp-content\themes\main-theme\app\views\pages\product\partials\product-info.php on line 65

2022-05-15T12:00:46+00:00 CRITICAL Object of class WP_Error could not be converted to string in F:\Project\wordpress\wp-content\themes\main-theme\app\views\pages\product\partials\product-info.php on line 65

2022-05-15T12:37:05+00:00 CRITICAL syntax error, unexpected ''</textarea>;' (T_ENCAPSED_AND_WHITESPACE) in F:\Project\wordpress\wp-content\themes\main-theme\functions.php on line 181

2022-05-15T12:37:05+00:00 CRITICAL syntax error, unexpected ''</textarea>;' (T_ENCAPSED_AND_WHITESPACE) in F:\Project\wordpress\wp-content\themes\main-theme\functions.php on line 181

2022-05-15T12:49:46+00:00 CRITICAL Uncaught Error: Call to a member function get_description() on string in F:\Project\wordpress\wp-content\themes\main-theme\app\views\pages\product\partials\product-desc.php:22
Stack trace:
#0 F:\Project\wordpress\wp-includes\template.php(772): require()
#1 F:\Project\wordpress\wp-includes\template.php(716): load_template('F:\\Project\\word...', false, Array)
#2 F:\Project\wordpress\wp-includes\general-template.php(204): locate_template(Array, true, false, Array)
#3 F:\Project\wordpress\wp-content\themes\main-theme\app\helpers\app.php(88): get_template_part('/app/views/page...', '', Array)
#4 F:\Project\wordpress\wp-content\themes\main-theme\app\views\pages\product\content.php(3): renderTemplate('pages/product/p...')
#5 F:\Project\wordpress\wp-includes\template.php(772): require('F:\\Project\\word...')
#6 F:\Project\wordpress\wp-includes\template.php(716): load_template('F:\\Project\\word...', false, Array)
#7 F:\Project\wordpress\wp-includes\general-template.php(204): locate_template(Array, true, false, Array in F:\Project\wordpress\wp-content\themes\main-theme\app\views\pages\product\partials\product-desc.php on line 22

2022-05-15T12:50:21+00:00 CRITICAL Uncaught Error: Call to a member function get_description() on string in F:\Project\wordpress\wp-content\themes\main-theme\app\views\pages\product\partials\product-desc.php:22
Stack trace:
#0 F:\Project\wordpress\wp-includes\template.php(772): require()
#1 F:\Project\wordpress\wp-includes\template.php(716): load_template('F:\\Project\\word...', false, Array)
#2 F:\Project\wordpress\wp-includes\general-template.php(204): locate_template(Array, true, false, Array)
#3 F:\Project\wordpress\wp-content\themes\main-theme\app\helpers\app.php(88): get_template_part('/app/views/page...', '', Array)
#4 F:\Project\wordpress\wp-content\themes\main-theme\app\views\pages\product\content.php(3): renderTemplate('pages/product/p...')
#5 F:\Project\wordpress\wp-includes\template.php(772): require('F:\\Project\\word...')
#6 F:\Project\wordpress\wp-includes\template.php(716): load_template('F:\\Project\\word...', false, Array)
#7 F:\Project\wordpress\wp-includes\general-template.php(204): locate_template(Array, true, false, Array in F:\Project\wordpress\wp-content\themes\main-theme\app\views\pages\product\partials\product-desc.php on line 22

2022-05-15T12:50:34+00:00 CRITICAL Uncaught Error: Call to a member function get_description() on string in F:\Project\wordpress\wp-content\themes\main-theme\app\views\pages\product\partials\product-desc.php:22
Stack trace:
#0 F:\Project\wordpress\wp-includes\template.php(772): require()
#1 F:\Project\wordpress\wp-includes\template.php(716): load_template('F:\\Project\\word...', false, Array)
#2 F:\Project\wordpress\wp-includes\general-template.php(204): locate_template(Array, true, false, Array)
#3 F:\Project\wordpress\wp-content\themes\main-theme\app\helpers\app.php(88): get_template_part('/app/views/page...', '', Array)
#4 F:\Project\wordpress\wp-content\themes\main-theme\app\views\pages\product\content.php(3): renderTemplate('pages/product/p...')
#5 F:\Project\wordpress\wp-includes\template.php(772): require('F:\\Project\\word...')
#6 F:\Project\wordpress\wp-includes\template.php(716): load_template('F:\\Project\\word...', false, Array)
#7 F:\Project\wordpress\wp-includes\general-template.php(204): locate_template(Array, true, false, Array in F:\Project\wordpress\wp-content\themes\main-theme\app\views\pages\product\partials\product-desc.php on line 22

2022-05-15T12:52:27+00:00 CRITICAL syntax error, unexpected end of file in F:\Project\wordpress\wp-content\themes\main-theme\app\helpers\app.php on line 252

2022-05-15T12:55:38+00:00 CRITICAL Uncaught Error: Call to undefined function get_product_tags() in F:\Project\wordpress\wp-content\themes\main-theme\app\views\pages\product\partials\product-info.php:4
Stack trace:
#0 F:\Project\wordpress\wp-includes\template.php(772): require()
#1 F:\Project\wordpress\wp-includes\template.php(716): load_template('F:\\Project\\word...', false, Array)
#2 F:\Project\wordpress\wp-includes\general-template.php(204): locate_template(Array, true, false, Array)
#3 F:\Project\wordpress\wp-content\themes\main-theme\app\helpers\app.php(88): get_template_part('/app/views/page...', '', Array)
#4 F:\Project\wordpress\wp-content\themes\main-theme\app\views\pages\product\content.php(2): renderTemplate('pages/product/p...')
#5 F:\Project\wordpress\wp-includes\template.php(772): require('F:\\Project\\word...')
#6 F:\Project\wordpress\wp-includes\template.php(716): load_template('F:\\Project\\word...', false, Array)
#7 F:\Project\wordpress\wp-includes\general-template.php(204): locate_template(Array, true, false, Array)
#8 F:\P in F:\Project\wordpress\wp-content\themes\main-theme\app\views\pages\product\partials\product-info.php on line 4

