2022-04-23T11:18:22+00:00 CRITICAL syntax error, unexpected end of file in F:\Project\wordpress\wp-content\themes\main-theme\page.php on line 36

2022-04-23T15:46:17+00:00 CRITICAL Uncaught Error: Class 'App\Widgets\WP_Widget' not found in F:\Project\wordpress\wp-content\themes\main-theme\app\widgets\My_Widget.php:4
Stack trace:
#0 F:\Project\wordpress\wp-content\themes\main-theme\vendor\composer\ClassLoader.php(444): include()
#1 F:\Project\wordpress\wp-content\themes\main-theme\vendor\composer\ClassLoader.php(322): Composer\Autoload\includeFile('F:\\Project\\word...')
#2 [internal function]: Composer\Autoload\ClassLoader->loadClass('App\\Widgets\\My_...')
#3 F:\Project\wordpress\wp-content\themes\main-theme\app\Loader.php(22): spl_autoload_call('App\\Widgets\\My_...')
#4 F:\Project\wordpress\wp-content\themes\main-theme\app\Loader.php(14): App\Loader->register()
#5 F:\Project\wordpress\wp-content\themes\main-theme\functions.php(108): App\Loader->__construct()
#6 F:\Project\wordpress\wp-settings.php(555): include('F:\\Project\\word...')
#7 F:\Project\wordpress\wp-config.php(89): require_once('F:\\Project\\word...')
#8 F:\Project\wordpress\wp-load.php(50): require_once('F:\\Project\\wor in F:\Project\wordpress\wp-content\themes\main-theme\app\widgets\My_Widget.php on line 4

2022-04-23T15:46:17+00:00 CRITICAL Uncaught Error: Class 'App\Widgets\WP_Widget' not found in F:\Project\wordpress\wp-content\themes\main-theme\app\widgets\My_Widget.php:4
Stack trace:
#0 F:\Project\wordpress\wp-content\themes\main-theme\vendor\composer\ClassLoader.php(444): include()
#1 F:\Project\wordpress\wp-content\themes\main-theme\vendor\composer\ClassLoader.php(322): Composer\Autoload\includeFile('F:\\Project\\word...')
#2 [internal function]: Composer\Autoload\ClassLoader->loadClass('App\\Widgets\\My_...')
#3 F:\Project\wordpress\wp-content\themes\main-theme\app\Loader.php(22): spl_autoload_call('App\\Widgets\\My_...')
#4 F:\Project\wordpress\wp-content\themes\main-theme\app\Loader.php(14): App\Loader->register()
#5 F:\Project\wordpress\wp-content\themes\main-theme\functions.php(108): App\Loader->__construct()
#6 F:\Project\wordpress\wp-settings.php(555): include('F:\\Project\\word...')
#7 F:\Project\wordpress\wp-config.php(89): require_once('F:\\Project\\word...')
#8 F:\Project\wordpress\wp-load.php(50): require_once('F:\\Project\\wor in F:\Project\wordpress\wp-content\themes\main-theme\app\widgets\My_Widget.php on line 4

2022-04-23T15:46:17+00:00 CRITICAL Uncaught Error: Class 'App\Widgets\WP_Widget' not found in F:\Project\wordpress\wp-content\themes\main-theme\app\widgets\My_Widget.php:4
Stack trace:
#0 F:\Project\wordpress\wp-content\themes\main-theme\vendor\composer\ClassLoader.php(444): include()
#1 F:\Project\wordpress\wp-content\themes\main-theme\vendor\composer\ClassLoader.php(322): Composer\Autoload\includeFile('F:\\Project\\word...')
#2 [internal function]: Composer\Autoload\ClassLoader->loadClass('App\\Widgets\\My_...')
#3 F:\Project\wordpress\wp-content\themes\main-theme\app\Loader.php(22): spl_autoload_call('App\\Widgets\\My_...')
#4 F:\Project\wordpress\wp-content\themes\main-theme\app\Loader.php(14): App\Loader->register()
#5 F:\Project\wordpress\wp-content\themes\main-theme\functions.php(108): App\Loader->__construct()
#6 F:\Project\wordpress\wp-settings.php(555): include('F:\\Project\\word...')
#7 F:\Project\wordpress\wp-config.php(89): require_once('F:\\Project\\word...')
#8 F:\Project\wordpress\wp-load.php(50): require_once('F:\\Project\\wor in F:\Project\wordpress\wp-content\themes\main-theme\app\widgets\My_Widget.php on line 4

2022-04-23T15:47:03+00:00 CRITICAL Uncaught Error: Class 'App\Widgets\WP_Widget' not found in F:\Project\wordpress\wp-content\themes\main-theme\app\widgets\My_Widget.php:4
Stack trace:
#0 F:\Project\wordpress\wp-content\themes\main-theme\vendor\composer\ClassLoader.php(444): include()
#1 F:\Project\wordpress\wp-content\themes\main-theme\vendor\composer\ClassLoader.php(322): Composer\Autoload\includeFile('F:\\Project\\word...')
#2 [internal function]: Composer\Autoload\ClassLoader->loadClass('App\\Widgets\\My_...')
#3 F:\Project\wordpress\wp-content\themes\main-theme\app\Loader.php(22): spl_autoload_call('App\\Widgets\\My_...')
#4 F:\Project\wordpress\wp-content\themes\main-theme\app\Loader.php(14): App\Loader->register()
#5 F:\Project\wordpress\wp-content\themes\main-theme\functions.php(108): App\Loader->__construct()
#6 F:\Project\wordpress\wp-settings.php(555): include('F:\\Project\\word...')
#7 F:\Project\wordpress\wp-config.php(89): require_once('F:\\Project\\word...')
#8 F:\Project\wordpress\wp-load.php(50): require_once('F:\\Project\\wor in F:\Project\wordpress\wp-content\themes\main-theme\app\widgets\My_Widget.php on line 4

2022-04-23T15:47:03+00:00 CRITICAL Uncaught Error: Class 'App\Widgets\WP_Widget' not found in F:\Project\wordpress\wp-content\themes\main-theme\app\widgets\My_Widget.php:4
Stack trace:
#0 F:\Project\wordpress\wp-content\themes\main-theme\vendor\composer\ClassLoader.php(444): include()
#1 F:\Project\wordpress\wp-content\themes\main-theme\vendor\composer\ClassLoader.php(322): Composer\Autoload\includeFile('F:\\Project\\word...')
#2 [internal function]: Composer\Autoload\ClassLoader->loadClass('App\\Widgets\\My_...')
#3 F:\Project\wordpress\wp-content\themes\main-theme\app\Loader.php(22): spl_autoload_call('App\\Widgets\\My_...')
#4 F:\Project\wordpress\wp-content\themes\main-theme\app\Loader.php(14): App\Loader->register()
#5 F:\Project\wordpress\wp-content\themes\main-theme\functions.php(108): App\Loader->__construct()
#6 F:\Project\wordpress\wp-settings.php(555): include('F:\\Project\\word...')
#7 F:\Project\wordpress\wp-config.php(89): require_once('F:\\Project\\word...')
#8 F:\Project\wordpress\wp-load.php(50): require_once('F:\\Project\\wor in F:\Project\wordpress\wp-content\themes\main-theme\app\widgets\My_Widget.php on line 4

2022-04-23T15:47:33+00:00 CRITICAL Uncaught Error: Class 'App\Widgets\WP_Widget' not found in F:\Project\wordpress\wp-content\themes\main-theme\app\widgets\My_Widget.php:4
Stack trace:
#0 F:\Project\wordpress\wp-content\themes\main-theme\vendor\composer\ClassLoader.php(444): include()
#1 F:\Project\wordpress\wp-content\themes\main-theme\vendor\composer\ClassLoader.php(322): Composer\Autoload\includeFile('F:\\Project\\word...')
#2 [internal function]: Composer\Autoload\ClassLoader->loadClass('App\\Widgets\\My_...')
#3 F:\Project\wordpress\wp-content\themes\main-theme\app\Loader.php(22): spl_autoload_call('App\\Widgets\\My_...')
#4 F:\Project\wordpress\wp-content\themes\main-theme\app\Loader.php(14): App\Loader->register()
#5 F:\Project\wordpress\wp-content\themes\main-theme\functions.php(108): App\Loader->__construct()
#6 F:\Project\wordpress\wp-settings.php(555): include('F:\\Project\\word...')
#7 F:\Project\wordpress\wp-config.php(89): require_once('F:\\Project\\word...')
#8 F:\Project\wordpress\wp-load.php(50): require_once('F:\\Project\\wor in F:\Project\wordpress\wp-content\themes\main-theme\app\widgets\My_Widget.php on line 4

2022-04-23T15:47:33+00:00 CRITICAL Uncaught Error: Class 'App\Widgets\WP_Widget' not found in F:\Project\wordpress\wp-content\themes\main-theme\app\widgets\My_Widget.php:4
Stack trace:
#0 F:\Project\wordpress\wp-content\themes\main-theme\vendor\composer\ClassLoader.php(444): include()
#1 F:\Project\wordpress\wp-content\themes\main-theme\vendor\composer\ClassLoader.php(322): Composer\Autoload\includeFile('F:\\Project\\word...')
#2 [internal function]: Composer\Autoload\ClassLoader->loadClass('App\\Widgets\\My_...')
#3 F:\Project\wordpress\wp-content\themes\main-theme\app\Loader.php(22): spl_autoload_call('App\\Widgets\\My_...')
#4 F:\Project\wordpress\wp-content\themes\main-theme\app\Loader.php(14): App\Loader->register()
#5 F:\Project\wordpress\wp-content\themes\main-theme\functions.php(108): App\Loader->__construct()
#6 F:\Project\wordpress\wp-settings.php(555): include('F:\\Project\\word...')
#7 F:\Project\wordpress\wp-config.php(89): require_once('F:\\Project\\word...')
#8 F:\Project\wordpress\wp-load.php(50): require_once('F:\\Project\\wor in F:\Project\wordpress\wp-content\themes\main-theme\app\widgets\My_Widget.php on line 4

2022-04-23T15:47:44+00:00 CRITICAL Uncaught Error: Class 'App\Widgets\WP_Widget' not found in F:\Project\wordpress\wp-content\themes\main-theme\app\Widgets\My_Widget.php:4
Stack trace:
#0 F:\Project\wordpress\wp-content\themes\main-theme\vendor\composer\ClassLoader.php(444): include()
#1 F:\Project\wordpress\wp-content\themes\main-theme\vendor\composer\ClassLoader.php(322): Composer\Autoload\includeFile('F:\\Project\\word...')
#2 [internal function]: Composer\Autoload\ClassLoader->loadClass('App\\Widgets\\My_...')
#3 F:\Project\wordpress\wp-content\themes\main-theme\app\Loader.php(22): spl_autoload_call('App\\Widgets\\My_...')
#4 F:\Project\wordpress\wp-content\themes\main-theme\app\Loader.php(14): App\Loader->register()
#5 F:\Project\wordpress\wp-content\themes\main-theme\functions.php(108): App\Loader->__construct()
#6 F:\Project\wordpress\wp-settings.php(555): include('F:\\Project\\word...')
#7 F:\Project\wordpress\wp-config.php(89): require_once('F:\\Project\\word...')
#8 F:\Project\wordpress\wp-load.php(50): require_once('F:\\Project\\wor in F:\Project\wordpress\wp-content\themes\main-theme\app\Widgets\My_Widget.php on line 4

2022-04-23T15:47:44+00:00 CRITICAL Uncaught Error: Class 'App\Widgets\WP_Widget' not found in F:\Project\wordpress\wp-content\themes\main-theme\app\Widgets\My_Widget.php:4
Stack trace:
#0 F:\Project\wordpress\wp-content\themes\main-theme\vendor\composer\ClassLoader.php(444): include()
#1 F:\Project\wordpress\wp-content\themes\main-theme\vendor\composer\ClassLoader.php(322): Composer\Autoload\includeFile('F:\\Project\\word...')
#2 [internal function]: Composer\Autoload\ClassLoader->loadClass('App\\Widgets\\My_...')
#3 F:\Project\wordpress\wp-content\themes\main-theme\app\Loader.php(22): spl_autoload_call('App\\Widgets\\My_...')
#4 F:\Project\wordpress\wp-content\themes\main-theme\app\Loader.php(14): App\Loader->register()
#5 F:\Project\wordpress\wp-content\themes\main-theme\functions.php(108): App\Loader->__construct()
#6 F:\Project\wordpress\wp-settings.php(555): include('F:\\Project\\word...')
#7 F:\Project\wordpress\wp-config.php(89): require_once('F:\\Project\\word...')
#8 F:\Project\wordpress\wp-load.php(50): require_once('F:\\Project\\wor in F:\Project\wordpress\wp-content\themes\main-theme\app\Widgets\My_Widget.php on line 4

2022-04-23T15:48:08+00:00 CRITICAL Cannot declare class App\Widgets\My_Widget because the name is already in use in F:\Project\wordpress\wp-content\themes\main-theme\app\Widgets\My_Widget.php on line 5

2022-04-23T15:48:08+00:00 CRITICAL Cannot declare class App\Widgets\My_Widget because the name is already in use in F:\Project\wordpress\wp-content\themes\main-theme\app\Widgets\My_Widget.php on line 5

2022-04-23T15:48:21+00:00 CRITICAL Uncaught Error: Class 'My_Widget' not found in F:\Project\wordpress\wp-content\themes\main-theme\app\Widgets\My_Widget.php:5
Stack trace:
#0 F:\Project\wordpress\wp-content\themes\main-theme\vendor\composer\ClassLoader.php(444): include()
#1 F:\Project\wordpress\wp-content\themes\main-theme\vendor\composer\ClassLoader.php(322): Composer\Autoload\includeFile('F:\\Project\\word...')
#2 [internal function]: Composer\Autoload\ClassLoader->loadClass('App\\Widgets\\My_...')
#3 F:\Project\wordpress\wp-content\themes\main-theme\app\Loader.php(22): spl_autoload_call('App\\Widgets\\My_...')
#4 F:\Project\wordpress\wp-content\themes\main-theme\app\Loader.php(14): App\Loader->register()
#5 F:\Project\wordpress\wp-content\themes\main-theme\functions.php(108): App\Loader->__construct()
#6 F:\Project\wordpress\wp-settings.php(555): include('F:\\Project\\word...')
#7 F:\Project\wordpress\wp-config.php(89): require_once('F:\\Project\\word...')
#8 F:\Project\wordpress\wp-load.php(50): require_once('F:\\Project\\word...')
#9 F: in F:\Project\wordpress\wp-content\themes\main-theme\app\Widgets\My_Widget.php on line 5

2022-04-23T15:48:21+00:00 CRITICAL Uncaught Error: Class 'My_Widget' not found in F:\Project\wordpress\wp-content\themes\main-theme\app\Widgets\My_Widget.php:5
Stack trace:
#0 F:\Project\wordpress\wp-content\themes\main-theme\vendor\composer\ClassLoader.php(444): include()
#1 F:\Project\wordpress\wp-content\themes\main-theme\vendor\composer\ClassLoader.php(322): Composer\Autoload\includeFile('F:\\Project\\word...')
#2 [internal function]: Composer\Autoload\ClassLoader->loadClass('App\\Widgets\\My_...')
#3 F:\Project\wordpress\wp-content\themes\main-theme\app\Loader.php(22): spl_autoload_call('App\\Widgets\\My_...')
#4 F:\Project\wordpress\wp-content\themes\main-theme\app\Loader.php(14): App\Loader->register()
#5 F:\Project\wordpress\wp-content\themes\main-theme\functions.php(108): App\Loader->__construct()
#6 F:\Project\wordpress\wp-settings.php(555): include('F:\\Project\\word...')
#7 F:\Project\wordpress\wp-config.php(89): require_once('F:\\Project\\word...')
#8 F:\Project\wordpress\wp-load.php(50): require_once('F:\\Project\\word...')
#9 F: in F:\Project\wordpress\wp-content\themes\main-theme\app\Widgets\My_Widget.php on line 5

2022-04-23T15:48:35+00:00 CRITICAL Uncaught Error: Class 'My_Widget' not found in F:\Project\wordpress\wp-content\themes\main-theme\app\Widgets\My_Widget.php:5
Stack trace:
#0 F:\Project\wordpress\wp-content\themes\main-theme\vendor\composer\ClassLoader.php(444): include()
#1 F:\Project\wordpress\wp-content\themes\main-theme\vendor\composer\ClassLoader.php(322): Composer\Autoload\includeFile('F:\\Project\\word...')
#2 [internal function]: Composer\Autoload\ClassLoader->loadClass('App\\Widgets\\My_...')
#3 F:\Project\wordpress\wp-content\themes\main-theme\app\Loader.php(22): spl_autoload_call('App\\Widgets\\My_...')
#4 F:\Project\wordpress\wp-content\themes\main-theme\app\Loader.php(14): App\Loader->register()
#5 F:\Project\wordpress\wp-content\themes\main-theme\functions.php(108): App\Loader->__construct()
#6 F:\Project\wordpress\wp-settings.php(555): include('F:\\Project\\word...')
#7 F:\Project\wordpress\wp-config.php(89): require_once('F:\\Project\\word...')
#8 F:\Project\wordpress\wp-load.php(50): require_once('F:\\Project\\word...')
#9 F: in F:\Project\wordpress\wp-content\themes\main-theme\app\Widgets\My_Widget.php on line 5

2022-04-23T15:48:35+00:00 CRITICAL Uncaught Error: Class 'My_Widget' not found in F:\Project\wordpress\wp-content\themes\main-theme\app\Widgets\My_Widget.php:5
Stack trace:
#0 F:\Project\wordpress\wp-content\themes\main-theme\vendor\composer\ClassLoader.php(444): include()
#1 F:\Project\wordpress\wp-content\themes\main-theme\vendor\composer\ClassLoader.php(322): Composer\Autoload\includeFile('F:\\Project\\word...')
#2 [internal function]: Composer\Autoload\ClassLoader->loadClass('App\\Widgets\\My_...')
#3 F:\Project\wordpress\wp-content\themes\main-theme\app\Loader.php(22): spl_autoload_call('App\\Widgets\\My_...')
#4 F:\Project\wordpress\wp-content\themes\main-theme\app\Loader.php(14): App\Loader->register()
#5 F:\Project\wordpress\wp-content\themes\main-theme\functions.php(108): App\Loader->__construct()
#6 F:\Project\wordpress\wp-settings.php(555): include('F:\\Project\\word...')
#7 F:\Project\wordpress\wp-config.php(89): require_once('F:\\Project\\word...')
#8 F:\Project\wordpress\wp-load.php(50): require_once('F:\\Project\\word...')
#9 F: in F:\Project\wordpress\wp-content\themes\main-theme\app\Widgets\My_Widget.php on line 5

2022-04-23T15:48:45+00:00 CRITICAL Uncaught Error: Class 'My_Widget' not found in F:\Project\wordpress\wp-content\themes\main-theme\app\Widgets\My_Widget.php:6
Stack trace:
#0 F:\Project\wordpress\wp-content\themes\main-theme\vendor\composer\ClassLoader.php(444): include()
#1 F:\Project\wordpress\wp-content\themes\main-theme\vendor\composer\ClassLoader.php(322): Composer\Autoload\includeFile('F:\\Project\\word...')
#2 [internal function]: Composer\Autoload\ClassLoader->loadClass('App\\Widgets\\My_...')
#3 F:\Project\wordpress\wp-content\themes\main-theme\app\Loader.php(22): spl_autoload_call('App\\Widgets\\My_...')
#4 F:\Project\wordpress\wp-content\themes\main-theme\app\Loader.php(14): App\Loader->register()
#5 F:\Project\wordpress\wp-content\themes\main-theme\functions.php(108): App\Loader->__construct()
#6 F:\Project\wordpress\wp-settings.php(555): include('F:\\Project\\word...')
#7 F:\Project\wordpress\wp-config.php(89): require_once('F:\\Project\\word...')
#8 F:\Project\wordpress\wp-load.php(50): require_once('F:\\Project\\word...')
#9 F: in F:\Project\wordpress\wp-content\themes\main-theme\app\Widgets\My_Widget.php on line 6

2022-04-23T15:48:45+00:00 CRITICAL Uncaught Error: Class 'My_Widget' not found in F:\Project\wordpress\wp-content\themes\main-theme\app\Widgets\My_Widget.php:6
Stack trace:
#0 F:\Project\wordpress\wp-content\themes\main-theme\vendor\composer\ClassLoader.php(444): include()
#1 F:\Project\wordpress\wp-content\themes\main-theme\vendor\composer\ClassLoader.php(322): Composer\Autoload\includeFile('F:\\Project\\word...')
#2 [internal function]: Composer\Autoload\ClassLoader->loadClass('App\\Widgets\\My_...')
#3 F:\Project\wordpress\wp-content\themes\main-theme\app\Loader.php(22): spl_autoload_call('App\\Widgets\\My_...')
#4 F:\Project\wordpress\wp-content\themes\main-theme\app\Loader.php(14): App\Loader->register()
#5 F:\Project\wordpress\wp-content\themes\main-theme\functions.php(108): App\Loader->__construct()
#6 F:\Project\wordpress\wp-settings.php(555): include('F:\\Project\\word...')
#7 F:\Project\wordpress\wp-config.php(89): require_once('F:\\Project\\word...')
#8 F:\Project\wordpress\wp-load.php(50): require_once('F:\\Project\\word...')
#9 F: in F:\Project\wordpress\wp-content\themes\main-theme\app\Widgets\My_Widget.php on line 6

2022-04-23T15:49:05+00:00 CRITICAL Uncaught Error: Class 'My_Widget' not found in F:\Project\wordpress\wp-content\themes\main-theme\app\Widgets\ABC.php:6
Stack trace:
#0 F:\Project\wordpress\wp-content\themes\main-theme\vendor\composer\ClassLoader.php(444): include()
#1 F:\Project\wordpress\wp-content\themes\main-theme\vendor\composer\ClassLoader.php(322): Composer\Autoload\includeFile('F:\\Project\\word...')
#2 [internal function]: Composer\Autoload\ClassLoader->loadClass('App\\Widgets\\ABC')
#3 F:\Project\wordpress\wp-content\themes\main-theme\app\Loader.php(22): spl_autoload_call('App\\Widgets\\ABC')
#4 F:\Project\wordpress\wp-content\themes\main-theme\app\Loader.php(14): App\Loader->register()
#5 F:\Project\wordpress\wp-content\themes\main-theme\functions.php(108): App\Loader->__construct()
#6 F:\Project\wordpress\wp-settings.php(555): include('F:\\Project\\word...')
#7 F:\Project\wordpress\wp-config.php(89): require_once('F:\\Project\\word...')
#8 F:\Project\wordpress\wp-load.php(50): require_once('F:\\Project\\word...')
#9 F:\Project\wor in F:\Project\wordpress\wp-content\themes\main-theme\app\Widgets\ABC.php on line 6

2022-04-23T15:49:06+00:00 CRITICAL Uncaught Error: Class 'My_Widget' not found in F:\Project\wordpress\wp-content\themes\main-theme\app\Widgets\ABC.php:6
Stack trace:
#0 F:\Project\wordpress\wp-content\themes\main-theme\vendor\composer\ClassLoader.php(444): include()
#1 F:\Project\wordpress\wp-content\themes\main-theme\vendor\composer\ClassLoader.php(322): Composer\Autoload\includeFile('F:\\Project\\word...')
#2 [internal function]: Composer\Autoload\ClassLoader->loadClass('App\\Widgets\\ABC')
#3 F:\Project\wordpress\wp-content\themes\main-theme\app\Loader.php(22): spl_autoload_call('App\\Widgets\\ABC')
#4 F:\Project\wordpress\wp-content\themes\main-theme\app\Loader.php(14): App\Loader->register()
#5 F:\Project\wordpress\wp-content\themes\main-theme\functions.php(108): App\Loader->__construct()
#6 F:\Project\wordpress\wp-settings.php(555): include('F:\\Project\\word...')
#7 F:\Project\wordpress\wp-config.php(89): require_once('F:\\Project\\word...')
#8 F:\Project\wordpress\wp-load.php(50): require_once('F:\\Project\\word...')
#9 F:\Project\wor in F:\Project\wordpress\wp-content\themes\main-theme\app\Widgets\ABC.php on line 6

2022-04-23T15:49:16+00:00 CRITICAL Uncaught Error: Class 'App\Widgets\My_Widget' not found in F:\Project\wordpress\wp-content\themes\main-theme\app\Widgets\ABC.php:5
Stack trace:
#0 F:\Project\wordpress\wp-content\themes\main-theme\vendor\composer\ClassLoader.php(444): include()
#1 F:\Project\wordpress\wp-content\themes\main-theme\vendor\composer\ClassLoader.php(322): Composer\Autoload\includeFile('F:\\Project\\word...')
#2 [internal function]: Composer\Autoload\ClassLoader->loadClass('App\\Widgets\\ABC')
#3 F:\Project\wordpress\wp-content\themes\main-theme\app\Loader.php(22): spl_autoload_call('App\\Widgets\\ABC')
#4 F:\Project\wordpress\wp-content\themes\main-theme\app\Loader.php(14): App\Loader->register()
#5 F:\Project\wordpress\wp-content\themes\main-theme\functions.php(108): App\Loader->__construct()
#6 F:\Project\wordpress\wp-settings.php(555): include('F:\\Project\\word...')
#7 F:\Project\wordpress\wp-config.php(89): require_once('F:\\Project\\word...')
#8 F:\Project\wordpress\wp-load.php(50): require_once('F:\\Project\\word...')
#9 F: in F:\Project\wordpress\wp-content\themes\main-theme\app\Widgets\ABC.php on line 5

2022-04-23T15:49:16+00:00 CRITICAL Uncaught Error: Class 'App\Widgets\My_Widget' not found in F:\Project\wordpress\wp-content\themes\main-theme\app\Widgets\ABC.php:5
Stack trace:
#0 F:\Project\wordpress\wp-content\themes\main-theme\vendor\composer\ClassLoader.php(444): include()
#1 F:\Project\wordpress\wp-content\themes\main-theme\vendor\composer\ClassLoader.php(322): Composer\Autoload\includeFile('F:\\Project\\word...')
#2 [internal function]: Composer\Autoload\ClassLoader->loadClass('App\\Widgets\\ABC')
#3 F:\Project\wordpress\wp-content\themes\main-theme\app\Loader.php(22): spl_autoload_call('App\\Widgets\\ABC')
#4 F:\Project\wordpress\wp-content\themes\main-theme\app\Loader.php(14): App\Loader->register()
#5 F:\Project\wordpress\wp-content\themes\main-theme\functions.php(108): App\Loader->__construct()
#6 F:\Project\wordpress\wp-settings.php(555): include('F:\\Project\\word...')
#7 F:\Project\wordpress\wp-config.php(89): require_once('F:\\Project\\word...')
#8 F:\Project\wordpress\wp-load.php(50): require_once('F:\\Project\\word...')
#9 F: in F:\Project\wordpress\wp-content\themes\main-theme\app\Widgets\ABC.php on line 5

2022-04-23T15:49:27+00:00 CRITICAL Uncaught Error: Class 'App\Widgets\My_Widget' not found in F:\Project\wordpress\wp-content\themes\main-theme\app\Widgets\ABC.php:5
Stack trace:
#0 F:\Project\wordpress\wp-content\themes\main-theme\vendor\composer\ClassLoader.php(444): include()
#1 F:\Project\wordpress\wp-content\themes\main-theme\vendor\composer\ClassLoader.php(322): Composer\Autoload\includeFile('F:\\Project\\word...')
#2 [internal function]: Composer\Autoload\ClassLoader->loadClass('App\\Widgets\\ABC')
#3 F:\Project\wordpress\wp-content\themes\main-theme\app\Loader.php(22): spl_autoload_call('App\\Widgets\\ABC')
#4 F:\Project\wordpress\wp-content\themes\main-theme\app\Loader.php(14): App\Loader->register()
#5 F:\Project\wordpress\wp-content\themes\main-theme\functions.php(108): App\Loader->__construct()
#6 F:\Project\wordpress\wp-settings.php(555): include('F:\\Project\\word...')
#7 F:\Project\wordpress\wp-config.php(89): require_once('F:\\Project\\word...')
#8 F:\Project\wordpress\wp-load.php(50): require_once('F:\\Project\\word...')
#9 F: in F:\Project\wordpress\wp-content\themes\main-theme\app\Widgets\ABC.php on line 5

2022-04-23T15:49:27+00:00 CRITICAL Uncaught Error: Class 'App\Widgets\My_Widget' not found in F:\Project\wordpress\wp-content\themes\main-theme\app\Widgets\ABC.php:5
Stack trace:
#0 F:\Project\wordpress\wp-content\themes\main-theme\vendor\composer\ClassLoader.php(444): include()
#1 F:\Project\wordpress\wp-content\themes\main-theme\vendor\composer\ClassLoader.php(322): Composer\Autoload\includeFile('F:\\Project\\word...')
#2 [internal function]: Composer\Autoload\ClassLoader->loadClass('App\\Widgets\\ABC')
#3 F:\Project\wordpress\wp-content\themes\main-theme\app\Loader.php(22): spl_autoload_call('App\\Widgets\\ABC')
#4 F:\Project\wordpress\wp-content\themes\main-theme\app\Loader.php(14): App\Loader->register()
#5 F:\Project\wordpress\wp-content\themes\main-theme\functions.php(108): App\Loader->__construct()
#6 F:\Project\wordpress\wp-settings.php(555): include('F:\\Project\\word...')
#7 F:\Project\wordpress\wp-config.php(89): require_once('F:\\Project\\word...')
#8 F:\Project\wordpress\wp-load.php(50): require_once('F:\\Project\\word...')
#9 F: in F:\Project\wordpress\wp-content\themes\main-theme\app\Widgets\ABC.php on line 5

2022-04-23T15:49:35+00:00 CRITICAL Uncaught Error: Class 'My_Widget' not found in F:\Project\wordpress\wp-content\themes\main-theme\app\Widgets\ABC.php:6
Stack trace:
#0 F:\Project\wordpress\wp-content\themes\main-theme\vendor\composer\ClassLoader.php(444): include()
#1 F:\Project\wordpress\wp-content\themes\main-theme\vendor\composer\ClassLoader.php(322): Composer\Autoload\includeFile('F:\\Project\\word...')
#2 [internal function]: Composer\Autoload\ClassLoader->loadClass('App\\Widgets\\ABC')
#3 F:\Project\wordpress\wp-content\themes\main-theme\app\Loader.php(22): spl_autoload_call('App\\Widgets\\ABC')
#4 F:\Project\wordpress\wp-content\themes\main-theme\app\Loader.php(14): App\Loader->register()
#5 F:\Project\wordpress\wp-content\themes\main-theme\functions.php(108): App\Loader->__construct()
#6 F:\Project\wordpress\wp-settings.php(555): include('F:\\Project\\word...')
#7 F:\Project\wordpress\wp-config.php(89): require_once('F:\\Project\\word...')
#8 F:\Project\wordpress\wp-load.php(50): require_once('F:\\Project\\word...')
#9 F:\Project\wor in F:\Project\wordpress\wp-content\themes\main-theme\app\Widgets\ABC.php on line 6

2022-04-23T15:49:36+00:00 CRITICAL Uncaught Error: Class 'My_Widget' not found in F:\Project\wordpress\wp-content\themes\main-theme\app\Widgets\ABC.php:6
Stack trace:
#0 F:\Project\wordpress\wp-content\themes\main-theme\vendor\composer\ClassLoader.php(444): include()
#1 F:\Project\wordpress\wp-content\themes\main-theme\vendor\composer\ClassLoader.php(322): Composer\Autoload\includeFile('F:\\Project\\word...')
#2 [internal function]: Composer\Autoload\ClassLoader->loadClass('App\\Widgets\\ABC')
#3 F:\Project\wordpress\wp-content\themes\main-theme\app\Loader.php(22): spl_autoload_call('App\\Widgets\\ABC')
#4 F:\Project\wordpress\wp-content\themes\main-theme\app\Loader.php(14): App\Loader->register()
#5 F:\Project\wordpress\wp-content\themes\main-theme\functions.php(108): App\Loader->__construct()
#6 F:\Project\wordpress\wp-settings.php(555): include('F:\\Project\\word...')
#7 F:\Project\wordpress\wp-config.php(89): require_once('F:\\Project\\word...')
#8 F:\Project\wordpress\wp-load.php(50): require_once('F:\\Project\\word...')
#9 F:\Project\wor in F:\Project\wordpress\wp-content\themes\main-theme\app\Widgets\ABC.php on line 6

2022-04-23T15:50:17+00:00 CRITICAL Uncaught Error: Class 'My_Widget' not found in F:\Project\wordpress\wp-includes\class-wp-widget-factory.php:61
Stack trace:
#0 F:\Project\wordpress\wp-includes\widgets.php(115): WP_Widget_Factory->register('My_Widget')
#1 F:\Project\wordpress\wp-content\themes\main-theme\app\Widgets\ABC.php(16): register_widget('My_Widget')
#2 F:\Project\wordpress\wp-includes\class-wp-hook.php(307): App\Widgets\ABC->App\Widgets\{closure}('')
#3 F:\Project\wordpress\wp-includes\class-wp-hook.php(331): WP_Hook->apply_filters(NULL, Array)
#4 F:\Project\wordpress\wp-includes\plugin.php(474): WP_Hook->do_action(Array)
#5 F:\Project\wordpress\wp-includes\widgets.php(1854): do_action('widgets_init')
#6 F:\Project\wordpress\wp-includes\class-wp-hook.php(307): wp_widgets_init('')
#7 F:\Project\wordpress\wp-includes\class-wp-hook.php(331): WP_Hook->apply_filters(NULL, Array)
#8 F:\Project\wordpress\wp-includes\plugin.php(474): WP_Hook->do_action(Array)
#9 F:\Project\wordpress\wp-settings.php(587): do_action('init')
#10 F:\Project\wordp in F:\Project\wordpress\wp-includes\class-wp-widget-factory.php on line 61

2022-04-23T15:50:18+00:00 CRITICAL Uncaught Error: Class 'My_Widget' not found in F:\Project\wordpress\wp-includes\class-wp-widget-factory.php:61
Stack trace:
#0 F:\Project\wordpress\wp-includes\widgets.php(115): WP_Widget_Factory->register('My_Widget')
#1 F:\Project\wordpress\wp-content\themes\main-theme\app\Widgets\ABC.php(16): register_widget('My_Widget')
#2 F:\Project\wordpress\wp-includes\class-wp-hook.php(307): App\Widgets\ABC->App\Widgets\{closure}('')
#3 F:\Project\wordpress\wp-includes\class-wp-hook.php(331): WP_Hook->apply_filters(NULL, Array)
#4 F:\Project\wordpress\wp-includes\plugin.php(474): WP_Hook->do_action(Array)
#5 F:\Project\wordpress\wp-includes\widgets.php(1854): do_action('widgets_init')
#6 F:\Project\wordpress\wp-includes\class-wp-hook.php(307): wp_widgets_init('')
#7 F:\Project\wordpress\wp-includes\class-wp-hook.php(331): WP_Hook->apply_filters(NULL, Array)
#8 F:\Project\wordpress\wp-includes\plugin.php(474): WP_Hook->do_action(Array)
#9 F:\Project\wordpress\wp-settings.php(587): do_action('init')
#10 F:\Project\wordp in F:\Project\wordpress\wp-includes\class-wp-widget-factory.php on line 61

2022-04-23T15:50:19+00:00 CRITICAL Uncaught Error: Class 'My_Widget' not found in F:\Project\wordpress\wp-includes\class-wp-widget-factory.php:61
Stack trace:
#0 F:\Project\wordpress\wp-includes\widgets.php(115): WP_Widget_Factory->register('My_Widget')
#1 F:\Project\wordpress\wp-content\themes\main-theme\app\Widgets\ABC.php(16): register_widget('My_Widget')
#2 F:\Project\wordpress\wp-includes\class-wp-hook.php(307): App\Widgets\ABC->App\Widgets\{closure}('')
#3 F:\Project\wordpress\wp-includes\class-wp-hook.php(331): WP_Hook->apply_filters(NULL, Array)
#4 F:\Project\wordpress\wp-includes\plugin.php(474): WP_Hook->do_action(Array)
#5 F:\Project\wordpress\wp-includes\widgets.php(1854): do_action('widgets_init')
#6 F:\Project\wordpress\wp-includes\class-wp-hook.php(307): wp_widgets_init('')
#7 F:\Project\wordpress\wp-includes\class-wp-hook.php(331): WP_Hook->apply_filters(NULL, Array)
#8 F:\Project\wordpress\wp-includes\plugin.php(474): WP_Hook->do_action(Array)
#9 F:\Project\wordpress\wp-settings.php(587): do_action('init')
#10 F:\Project\wordp in F:\Project\wordpress\wp-includes\class-wp-widget-factory.php on line 61

2022-04-23T15:50:19+00:00 CRITICAL Uncaught Error: Class 'My_Widget' not found in F:\Project\wordpress\wp-includes\class-wp-widget-factory.php:61
Stack trace:
#0 F:\Project\wordpress\wp-includes\widgets.php(115): WP_Widget_Factory->register('My_Widget')
#1 F:\Project\wordpress\wp-content\themes\main-theme\app\Widgets\ABC.php(16): register_widget('My_Widget')
#2 F:\Project\wordpress\wp-includes\class-wp-hook.php(307): App\Widgets\ABC->App\Widgets\{closure}('')
#3 F:\Project\wordpress\wp-includes\class-wp-hook.php(331): WP_Hook->apply_filters(NULL, Array)
#4 F:\Project\wordpress\wp-includes\plugin.php(474): WP_Hook->do_action(Array)
#5 F:\Project\wordpress\wp-includes\widgets.php(1854): do_action('widgets_init')
#6 F:\Project\wordpress\wp-includes\class-wp-hook.php(307): wp_widgets_init('')
#7 F:\Project\wordpress\wp-includes\class-wp-hook.php(331): WP_Hook->apply_filters(NULL, Array)
#8 F:\Project\wordpress\wp-includes\plugin.php(474): WP_Hook->do_action(Array)
#9 F:\Project\wordpress\wp-settings.php(587): do_action('init')
#10 F:\Project\wordp in F:\Project\wordpress\wp-includes\class-wp-widget-factory.php on line 61

2022-04-23T15:50:36+00:00 CRITICAL Uncaught Error: Class 'ABC' not found in F:\Project\wordpress\wp-includes\class-wp-widget-factory.php:61
Stack trace:
#0 F:\Project\wordpress\wp-includes\widgets.php(115): WP_Widget_Factory->register('ABC')
#1 F:\Project\wordpress\wp-content\themes\main-theme\app\Widgets\ABC.php(16): register_widget('ABC')
#2 F:\Project\wordpress\wp-includes\class-wp-hook.php(307): App\Widgets\ABC->App\Widgets\{closure}('')
#3 F:\Project\wordpress\wp-includes\class-wp-hook.php(331): WP_Hook->apply_filters(NULL, Array)
#4 F:\Project\wordpress\wp-includes\plugin.php(474): WP_Hook->do_action(Array)
#5 F:\Project\wordpress\wp-includes\widgets.php(1854): do_action('widgets_init')
#6 F:\Project\wordpress\wp-includes\class-wp-hook.php(307): wp_widgets_init('')
#7 F:\Project\wordpress\wp-includes\class-wp-hook.php(331): WP_Hook->apply_filters(NULL, Array)
#8 F:\Project\wordpress\wp-includes\plugin.php(474): WP_Hook->do_action(Array)
#9 F:\Project\wordpress\wp-settings.php(587): do_action('init')
#10 F:\Project\wordpress\wp-config.php in F:\Project\wordpress\wp-includes\class-wp-widget-factory.php on line 61

2022-04-23T15:50:36+00:00 CRITICAL Uncaught Error: Class 'ABC' not found in F:\Project\wordpress\wp-includes\class-wp-widget-factory.php:61
Stack trace:
#0 F:\Project\wordpress\wp-includes\widgets.php(115): WP_Widget_Factory->register('ABC')
#1 F:\Project\wordpress\wp-content\themes\main-theme\app\Widgets\ABC.php(16): register_widget('ABC')
#2 F:\Project\wordpress\wp-includes\class-wp-hook.php(307): App\Widgets\ABC->App\Widgets\{closure}('')
#3 F:\Project\wordpress\wp-includes\class-wp-hook.php(331): WP_Hook->apply_filters(NULL, Array)
#4 F:\Project\wordpress\wp-includes\plugin.php(474): WP_Hook->do_action(Array)
#5 F:\Project\wordpress\wp-includes\widgets.php(1854): do_action('widgets_init')
#6 F:\Project\wordpress\wp-includes\class-wp-hook.php(307): wp_widgets_init('')
#7 F:\Project\wordpress\wp-includes\class-wp-hook.php(331): WP_Hook->apply_filters(NULL, Array)
#8 F:\Project\wordpress\wp-includes\plugin.php(474): WP_Hook->do_action(Array)
#9 F:\Project\wordpress\wp-settings.php(587): do_action('init')
#10 F:\Project\wordpress\wp-config.php in F:\Project\wordpress\wp-includes\class-wp-widget-factory.php on line 61

2022-04-23T15:50:48+00:00 CRITICAL Uncaught Error: Class 'ABC' not found in F:\Project\wordpress\wp-includes\class-wp-widget-factory.php:61
Stack trace:
#0 F:\Project\wordpress\wp-includes\widgets.php(115): WP_Widget_Factory->register('ABC')
#1 F:\Project\wordpress\wp-content\themes\main-theme\app\Widgets\ABC.php(16): register_widget('ABC')
#2 F:\Project\wordpress\wp-includes\class-wp-hook.php(307): App\Widgets\ABC->App\Widgets\{closure}('')
#3 F:\Project\wordpress\wp-includes\class-wp-hook.php(331): WP_Hook->apply_filters(NULL, Array)
#4 F:\Project\wordpress\wp-includes\plugin.php(474): WP_Hook->do_action(Array)
#5 F:\Project\wordpress\wp-includes\widgets.php(1854): do_action('widgets_init')
#6 F:\Project\wordpress\wp-includes\class-wp-hook.php(307): wp_widgets_init('')
#7 F:\Project\wordpress\wp-includes\class-wp-hook.php(331): WP_Hook->apply_filters(NULL, Array)
#8 F:\Project\wordpress\wp-includes\plugin.php(474): WP_Hook->do_action(Array)
#9 F:\Project\wordpress\wp-settings.php(587): do_action('init')
#10 F:\Project\wordpress\wp-config.php in F:\Project\wordpress\wp-includes\class-wp-widget-factory.php on line 61

2022-04-23T15:50:49+00:00 CRITICAL Uncaught Error: Class 'ABC' not found in F:\Project\wordpress\wp-includes\class-wp-widget-factory.php:61
Stack trace:
#0 F:\Project\wordpress\wp-includes\widgets.php(115): WP_Widget_Factory->register('ABC')
#1 F:\Project\wordpress\wp-content\themes\main-theme\app\Widgets\ABC.php(16): register_widget('ABC')
#2 F:\Project\wordpress\wp-includes\class-wp-hook.php(307): App\Widgets\ABC->App\Widgets\{closure}('')
#3 F:\Project\wordpress\wp-includes\class-wp-hook.php(331): WP_Hook->apply_filters(NULL, Array)
#4 F:\Project\wordpress\wp-includes\plugin.php(474): WP_Hook->do_action(Array)
#5 F:\Project\wordpress\wp-includes\widgets.php(1854): do_action('widgets_init')
#6 F:\Project\wordpress\wp-includes\class-wp-hook.php(307): wp_widgets_init('')
#7 F:\Project\wordpress\wp-includes\class-wp-hook.php(331): WP_Hook->apply_filters(NULL, Array)
#8 F:\Project\wordpress\wp-includes\plugin.php(474): WP_Hook->do_action(Array)
#9 F:\Project\wordpress\wp-settings.php(587): do_action('init')
#10 F:\Project\wordpress\wp-config.php in F:\Project\wordpress\wp-includes\class-wp-widget-factory.php on line 61

2022-04-23T15:50:49+00:00 CRITICAL Uncaught Error: Class 'ABC' not found in F:\Project\wordpress\wp-includes\class-wp-widget-factory.php:61
Stack trace:
#0 F:\Project\wordpress\wp-includes\widgets.php(115): WP_Widget_Factory->register('ABC')
#1 F:\Project\wordpress\wp-content\themes\main-theme\app\Widgets\ABC.php(16): register_widget('ABC')
#2 F:\Project\wordpress\wp-includes\class-wp-hook.php(307): App\Widgets\ABC->App\Widgets\{closure}('')
#3 F:\Project\wordpress\wp-includes\class-wp-hook.php(331): WP_Hook->apply_filters(NULL, Array)
#4 F:\Project\wordpress\wp-includes\plugin.php(474): WP_Hook->do_action(Array)
#5 F:\Project\wordpress\wp-includes\widgets.php(1854): do_action('widgets_init')
#6 F:\Project\wordpress\wp-includes\class-wp-hook.php(307): wp_widgets_init('')
#7 F:\Project\wordpress\wp-includes\class-wp-hook.php(331): WP_Hook->apply_filters(NULL, Array)
#8 F:\Project\wordpress\wp-includes\plugin.php(474): WP_Hook->do_action(Array)
#9 F:\Project\wordpress\wp-settings.php(587): do_action('init')
#10 F:\Project\wordpress\wp-config.php in F:\Project\wordpress\wp-includes\class-wp-widget-factory.php on line 61

2022-04-23T15:50:49+00:00 CRITICAL Uncaught Error: Class 'ABC' not found in F:\Project\wordpress\wp-includes\class-wp-widget-factory.php:61
Stack trace:
#0 F:\Project\wordpress\wp-includes\widgets.php(115): WP_Widget_Factory->register('ABC')
#1 F:\Project\wordpress\wp-content\themes\main-theme\app\Widgets\ABC.php(16): register_widget('ABC')
#2 F:\Project\wordpress\wp-includes\class-wp-hook.php(307): App\Widgets\ABC->App\Widgets\{closure}('')
#3 F:\Project\wordpress\wp-includes\class-wp-hook.php(331): WP_Hook->apply_filters(NULL, Array)
#4 F:\Project\wordpress\wp-includes\plugin.php(474): WP_Hook->do_action(Array)
#5 F:\Project\wordpress\wp-includes\widgets.php(1854): do_action('widgets_init')
#6 F:\Project\wordpress\wp-includes\class-wp-hook.php(307): wp_widgets_init('')
#7 F:\Project\wordpress\wp-includes\class-wp-hook.php(331): WP_Hook->apply_filters(NULL, Array)
#8 F:\Project\wordpress\wp-includes\plugin.php(474): WP_Hook->do_action(Array)
#9 F:\Project\wordpress\wp-settings.php(587): do_action('init')
#10 F:\Project\wordpress\wp-config.php in F:\Project\wordpress\wp-includes\class-wp-widget-factory.php on line 61

2022-04-23T15:51:08+00:00 CRITICAL Uncaught Error: Class 'ABC' not found in F:\Project\wordpress\wp-includes\class-wp-widget-factory.php:61
Stack trace:
#0 F:\Project\wordpress\wp-includes\widgets.php(115): WP_Widget_Factory->register('ABC')
#1 F:\Project\wordpress\wp-content\themes\main-theme\app\Widgets\ABC.php(16): register_widget('ABC')
#2 F:\Project\wordpress\wp-includes\class-wp-hook.php(307): App\Widgets\ABC->App\Widgets\{closure}('')
#3 F:\Project\wordpress\wp-includes\class-wp-hook.php(331): WP_Hook->apply_filters(NULL, Array)
#4 F:\Project\wordpress\wp-includes\plugin.php(474): WP_Hook->do_action(Array)
#5 F:\Project\wordpress\wp-includes\widgets.php(1854): do_action('widgets_init')
#6 F:\Project\wordpress\wp-includes\class-wp-hook.php(307): wp_widgets_init('')
#7 F:\Project\wordpress\wp-includes\class-wp-hook.php(331): WP_Hook->apply_filters(NULL, Array)
#8 F:\Project\wordpress\wp-includes\plugin.php(474): WP_Hook->do_action(Array)
#9 F:\Project\wordpress\wp-settings.php(587): do_action('init')
#10 F:\Project\wordpress\wp-config.php in F:\Project\wordpress\wp-includes\class-wp-widget-factory.php on line 61

2022-04-23T15:51:08+00:00 CRITICAL Uncaught Error: Class 'ABC' not found in F:\Project\wordpress\wp-includes\class-wp-widget-factory.php:61
Stack trace:
#0 F:\Project\wordpress\wp-includes\widgets.php(115): WP_Widget_Factory->register('ABC')
#1 F:\Project\wordpress\wp-content\themes\main-theme\app\Widgets\ABC.php(16): register_widget('ABC')
#2 F:\Project\wordpress\wp-includes\class-wp-hook.php(307): App\Widgets\ABC->App\Widgets\{closure}('')
#3 F:\Project\wordpress\wp-includes\class-wp-hook.php(331): WP_Hook->apply_filters(NULL, Array)
#4 F:\Project\wordpress\wp-includes\plugin.php(474): WP_Hook->do_action(Array)
#5 F:\Project\wordpress\wp-includes\widgets.php(1854): do_action('widgets_init')
#6 F:\Project\wordpress\wp-includes\class-wp-hook.php(307): wp_widgets_init('')
#7 F:\Project\wordpress\wp-includes\class-wp-hook.php(331): WP_Hook->apply_filters(NULL, Array)
#8 F:\Project\wordpress\wp-includes\plugin.php(474): WP_Hook->do_action(Array)
#9 F:\Project\wordpress\wp-settings.php(587): do_action('init')
#10 F:\Project\wordpress\wp-config.php in F:\Project\wordpress\wp-includes\class-wp-widget-factory.php on line 61

2022-04-23T15:51:10+00:00 CRITICAL Uncaught Error: Class 'ABC' not found in F:\Project\wordpress\wp-includes\class-wp-widget-factory.php:61
Stack trace:
#0 F:\Project\wordpress\wp-includes\widgets.php(115): WP_Widget_Factory->register('ABC')
#1 F:\Project\wordpress\wp-content\themes\main-theme\app\Widgets\ABC.php(16): register_widget('ABC')
#2 F:\Project\wordpress\wp-includes\class-wp-hook.php(307): App\Widgets\ABC->App\Widgets\{closure}('')
#3 F:\Project\wordpress\wp-includes\class-wp-hook.php(331): WP_Hook->apply_filters(NULL, Array)
#4 F:\Project\wordpress\wp-includes\plugin.php(474): WP_Hook->do_action(Array)
#5 F:\Project\wordpress\wp-includes\widgets.php(1854): do_action('widgets_init')
#6 F:\Project\wordpress\wp-includes\class-wp-hook.php(307): wp_widgets_init('')
#7 F:\Project\wordpress\wp-includes\class-wp-hook.php(331): WP_Hook->apply_filters(NULL, Array)
#8 F:\Project\wordpress\wp-includes\plugin.php(474): WP_Hook->do_action(Array)
#9 F:\Project\wordpress\wp-settings.php(587): do_action('init')
#10 F:\Project\wordpress\wp-config.php in F:\Project\wordpress\wp-includes\class-wp-widget-factory.php on line 61

2022-04-23T15:51:10+00:00 CRITICAL Uncaught Error: Class 'ABC' not found in F:\Project\wordpress\wp-includes\class-wp-widget-factory.php:61
Stack trace:
#0 F:\Project\wordpress\wp-includes\widgets.php(115): WP_Widget_Factory->register('ABC')
#1 F:\Project\wordpress\wp-content\themes\main-theme\app\Widgets\ABC.php(16): register_widget('ABC')
#2 F:\Project\wordpress\wp-includes\class-wp-hook.php(307): App\Widgets\ABC->App\Widgets\{closure}('')
#3 F:\Project\wordpress\wp-includes\class-wp-hook.php(331): WP_Hook->apply_filters(NULL, Array)
#4 F:\Project\wordpress\wp-includes\plugin.php(474): WP_Hook->do_action(Array)
#5 F:\Project\wordpress\wp-includes\widgets.php(1854): do_action('widgets_init')
#6 F:\Project\wordpress\wp-includes\class-wp-hook.php(307): wp_widgets_init('')
#7 F:\Project\wordpress\wp-includes\class-wp-hook.php(331): WP_Hook->apply_filters(NULL, Array)
#8 F:\Project\wordpress\wp-includes\plugin.php(474): WP_Hook->do_action(Array)
#9 F:\Project\wordpress\wp-settings.php(587): do_action('init')
#10 F:\Project\wordpress\wp-config.php in F:\Project\wordpress\wp-includes\class-wp-widget-factory.php on line 61

2022-04-23T15:51:25+00:00 CRITICAL Uncaught Error: Class 'ABC' not found in F:\Project\wordpress\wp-content\themes\main-theme\app\Loader.php:22
Stack trace:
#0 F:\Project\wordpress\wp-content\themes\main-theme\app\Loader.php(14): App\Loader->register()
#1 F:\Project\wordpress\wp-content\themes\main-theme\functions.php(108): App\Loader->__construct()
#2 F:\Project\wordpress\wp-settings.php(555): include('F:\\Project\\word...')
#3 F:\Project\wordpress\wp-config.php(89): require_once('F:\\Project\\word...')
#4 F:\Project\wordpress\wp-load.php(50): require_once('F:\\Project\\word...')
#5 F:\Project\wordpress\wp-blog-header.php(13): require_once('F:\\Project\\word...')
#6 F:\Project\wordpress\index.php(17): require('F:\\Project\\word...')
#7 {main}
  thrown in F:\Project\wordpress\wp-content\themes\main-theme\app\Loader.php on line 22

2022-04-23T15:51:25+00:00 CRITICAL Uncaught Error: Class 'ABC' not found in F:\Project\wordpress\wp-content\themes\main-theme\app\Loader.php:22
Stack trace:
#0 F:\Project\wordpress\wp-content\themes\main-theme\app\Loader.php(14): App\Loader->register()
#1 F:\Project\wordpress\wp-content\themes\main-theme\functions.php(108): App\Loader->__construct()
#2 F:\Project\wordpress\wp-settings.php(555): include('F:\\Project\\word...')
#3 F:\Project\wordpress\wp-config.php(89): require_once('F:\\Project\\word...')
#4 F:\Project\wordpress\wp-load.php(50): require_once('F:\\Project\\word...')
#5 F:\Project\wordpress\wp-blog-header.php(13): require_once('F:\\Project\\word...')
#6 F:\Project\wordpress\index.php(17): require('F:\\Project\\word...')
#7 {main}
  thrown in F:\Project\wordpress\wp-content\themes\main-theme\app\Loader.php on line 22

2022-04-23T15:52:54+00:00 CRITICAL Uncaught Error: Class 'ABC' not found in F:\Project\wordpress\wp-content\themes\main-theme\app\Loader.php:22
Stack trace:
#0 F:\Project\wordpress\wp-content\themes\main-theme\app\Loader.php(14): App\Loader->register()
#1 F:\Project\wordpress\wp-content\themes\main-theme\functions.php(108): App\Loader->__construct()
#2 F:\Project\wordpress\wp-settings.php(555): include('F:\\Project\\word...')
#3 F:\Project\wordpress\wp-config.php(89): require_once('F:\\Project\\word...')
#4 F:\Project\wordpress\wp-load.php(50): require_once('F:\\Project\\word...')
#5 F:\Project\wordpress\wp-blog-header.php(13): require_once('F:\\Project\\word...')
#6 F:\Project\wordpress\index.php(17): require('F:\\Project\\word...')
#7 {main}
  thrown in F:\Project\wordpress\wp-content\themes\main-theme\app\Loader.php on line 22

2022-04-23T15:52:54+00:00 CRITICAL Uncaught Error: Class 'ABC' not found in F:\Project\wordpress\wp-content\themes\main-theme\app\Loader.php:22
Stack trace:
#0 F:\Project\wordpress\wp-content\themes\main-theme\app\Loader.php(14): App\Loader->register()
#1 F:\Project\wordpress\wp-content\themes\main-theme\functions.php(108): App\Loader->__construct()
#2 F:\Project\wordpress\wp-settings.php(555): include('F:\\Project\\word...')
#3 F:\Project\wordpress\wp-config.php(89): require_once('F:\\Project\\word...')
#4 F:\Project\wordpress\wp-load.php(50): require_once('F:\\Project\\word...')
#5 F:\Project\wordpress\wp-blog-header.php(13): require_once('F:\\Project\\word...')
#6 F:\Project\wordpress\index.php(17): require('F:\\Project\\word...')
#7 {main}
  thrown in F:\Project\wordpress\wp-content\themes\main-theme\app\Loader.php on line 22

2022-04-23T15:53:08+00:00 CRITICAL require(): Failed opening required './widgets/widget.php' (include_path='C:\xampp\php\PEAR') in F:\Project\wordpress\wp-content\themes\main-theme\app\Loader.php on line 22

2022-04-23T15:53:08+00:00 CRITICAL require(): Failed opening required './widgets/widget.php' (include_path='C:\xampp\php\PEAR') in F:\Project\wordpress\wp-content\themes\main-theme\app\Loader.php on line 22

2022-04-23T16:54:32+00:00 CRITICAL Uncaught Error: Function name must be a string in F:\Project\wordpress\wp-content\themes\main-theme\app\Shortcodes\SliderShortcode.php:23
Stack trace:
#0 F:\Project\wordpress\wp-includes\shortcodes.php(356): App\Shortcodes\SliderShortcode->main(Array, '', 'slider')
#1 [internal function]: do_shortcode_tag(Array)
#2 F:\Project\wordpress\wp-includes\shortcodes.php(228): preg_replace_callback('/\\[(\\[?)(header...', 'do_shortcode_ta...', '\n<figure class=...')
#3 F:\Project\wordpress\wp-includes\class-wp-hook.php(307): do_shortcode('\n<figure class=...')
#4 F:\Project\wordpress\wp-includes\plugin.php(189): WP_Hook->apply_filters('\n<figure class=...', Array)
#5 F:\Project\wordpress\wp-includes\post-template.php(253): apply_filters('the_content', '<!-- wp:image -...')
#6 F:\Project\wordpress\wp-content\themes\main-theme\page.php(11): the_content()
#7 F:\Project\wordpress\wp-includes\template-loader.php(106): include('F:\\Project\\word...')
#8 F:\Project\wordpress\wp-blog-header.php(19): require_once('F:\\Project\ in F:\Project\wordpress\wp-content\themes\main-theme\app\Shortcodes\SliderShortcode.php on line 23

2022-04-23T17:03:19+00:00 CRITICAL Uncaught Error: Call to undefined method Soliloquy_Lite::get_config() in F:\Project\wordpress\wp-content\plugins\soliloquy-lite\soliloquy-lite.php:652
Stack trace:
#0 F:\Project\wordpress\wp-content\themes\main-theme\app\views\header\slider.php(16): get_soliloquy_config('slider_height', Array)
#1 F:\Project\wordpress\wp-includes\template.php(772): require('F:\\Project\\word...')
#2 F:\Project\wordpress\wp-includes\template.php(716): load_template('F:\\Project\\word...', false, Array)
#3 F:\Project\wordpress\wp-includes\general-template.php(204): locate_template(Array, true, false, Array)
#4 F:\Project\wordpress\wp-content\themes\main-theme\app\helpers\app.php(88): get_template_part('/app/views/head...', '', Array)
#5 F:\Project\wordpress\wp-content\themes\main-theme\app\Shortcodes\SliderShortcode.php(24): renderTemplate('header/slider', Array)
#6 F:\Project\wordpress\wp-includes\shortcodes.php(356): App\Shortcodes\SliderShortcode->main(Array, '', 'slider')
#7 [internal function]: do_shortcode_tag(Array)
#8 F: in F:\Project\wordpress\wp-content\plugins\soliloquy-lite\soliloquy-lite.php on line 652

2022-04-23T17:03:43+00:00 CRITICAL Uncaught Error: Call to undefined method Soliloquy_Lite::get_config() in F:\Project\wordpress\wp-content\plugins\soliloquy-lite\soliloquy-lite.php:652
Stack trace:
#0 F:\Project\wordpress\wp-content\themes\main-theme\app\views\header\slider.php(16): get_soliloquy_config('slider_height', Array)
#1 F:\Project\wordpress\wp-includes\template.php(772): require('F:\\Project\\word...')
#2 F:\Project\wordpress\wp-includes\template.php(716): load_template('F:\\Project\\word...', false, Array)
#3 F:\Project\wordpress\wp-includes\general-template.php(204): locate_template(Array, true, false, Array)
#4 F:\Project\wordpress\wp-content\themes\main-theme\app\helpers\app.php(88): get_template_part('/app/views/head...', '', Array)
#5 F:\Project\wordpress\wp-content\themes\main-theme\app\Shortcodes\SliderShortcode.php(24): renderTemplate('header/slider', Array)
#6 F:\Project\wordpress\wp-includes\shortcodes.php(356): App\Shortcodes\SliderShortcode->main(Array, '', 'slider')
#7 [internal function]: do_shortcode_tag(Array)
#8 F: in F:\Project\wordpress\wp-content\plugins\soliloquy-lite\soliloquy-lite.php on line 652

2022-04-23T17:04:37+00:00 CRITICAL Uncaught Error: Call to undefined method Soliloquy_Lite::get_config() in F:\Project\wordpress\wp-content\plugins\soliloquy-lite\soliloquy-lite.php:652
Stack trace:
#0 F:\Project\wordpress\wp-content\themes\main-theme\app\views\header\slider.php(16): get_soliloquy_config('slider_height', Array)
#1 F:\Project\wordpress\wp-includes\template.php(772): require('F:\\Project\\word...')
#2 F:\Project\wordpress\wp-includes\template.php(716): load_template('F:\\Project\\word...', false, Array)
#3 F:\Project\wordpress\wp-includes\general-template.php(204): locate_template(Array, true, false, Array)
#4 F:\Project\wordpress\wp-content\themes\main-theme\app\helpers\app.php(88): get_template_part('/app/views/head...', '', Array)
#5 F:\Project\wordpress\wp-content\themes\main-theme\app\Shortcodes\SliderShortcode.php(24): renderTemplate('header/slider', Array)
#6 F:\Project\wordpress\wp-includes\shortcodes.php(356): App\Shortcodes\SliderShortcode->main(Array, '', 'slider')
#7 [internal function]: do_shortcode_tag(Array)
#8 F: in F:\Project\wordpress\wp-content\plugins\soliloquy-lite\soliloquy-lite.php on line 652

