2022-05-11T13:19:13+00:00 CRITICAL syntax error, unexpected end of file, expecting elseif (T_ELSEIF) or else (T_ELSE) or endif (T_ENDIF) in F:\Project\wordpress\wp-content\themes\main-theme\woocommerce\loop\loop-end.php on line 87

2022-05-11T14:36:13+00:00 CRITICAL Uncaught Error: Call to a member function get_permalink() on null in F:\Project\wordpress\wp-content\themes\main-theme\app\views\components\loop-product-card.php:28
Stack trace:
#0 F:\Project\wordpress\wp-includes\template.php(772): require()
#1 F:\Project\wordpress\wp-includes\template.php(716): load_template('F:\\Project\\word...', false, Array)
#2 F:\Project\wordpress\wp-includes\general-template.php(204): locate_template(Array, true, false, Array)
#3 F:\Project\wordpress\wp-content\themes\main-theme\app\helpers\app.php(88): get_template_part('/app/views/comp...', '', Array)
#4 F:\Project\wordpress\wp-content\themes\main-theme\app\views\shortcodes\category-product.php(44): renderTemplate('components/loop...', Array)
#5 F:\Project\wordpress\wp-includes\template.php(772): require('F:\\Project\\word...')
#6 F:\Project\wordpress\wp-includes\template.php(716): load_template('F:\\Project\\word...', false, Array)
#7 F:\Project\wordpress\wp-includes\general-template.php(204): locate_template(Array, true, false, Ar in F:\Project\wordpress\wp-content\themes\main-theme\app\views\components\loop-product-card.php on line 28

2022-05-11T14:36:26+00:00 CRITICAL Uncaught Error: Call to a member function get_permalink() on null in F:\Project\wordpress\wp-content\themes\main-theme\app\views\components\loop-product-card.php:28
Stack trace:
#0 F:\Project\wordpress\wp-includes\template.php(772): require()
#1 F:\Project\wordpress\wp-includes\template.php(716): load_template('F:\\Project\\word...', false, Array)
#2 F:\Project\wordpress\wp-includes\general-template.php(204): locate_template(Array, true, false, Array)
#3 F:\Project\wordpress\wp-content\themes\main-theme\app\helpers\app.php(88): get_template_part('/app/views/comp...', '', Array)
#4 F:\Project\wordpress\wp-content\themes\main-theme\app\views\shortcodes\category-product.php(44): renderTemplate('components/loop...', Array)
#5 F:\Project\wordpress\wp-includes\template.php(772): require('F:\\Project\\word...')
#6 F:\Project\wordpress\wp-includes\template.php(716): load_template('F:\\Project\\word...', false, Array)
#7 F:\Project\wordpress\wp-includes\general-template.php(204): locate_template(Array, true, false, Ar in F:\Project\wordpress\wp-content\themes\main-theme\app\views\components\loop-product-card.php on line 28

2022-05-11T14:37:00+00:00 CRITICAL Uncaught Error: Call to a member function get_permalink() on null in F:\Project\wordpress\wp-content\themes\main-theme\app\views\components\loop-product-card.php:28
Stack trace:
#0 F:\Project\wordpress\wp-includes\template.php(772): require()
#1 F:\Project\wordpress\wp-includes\template.php(716): load_template('F:\\Project\\word...', false, Array)
#2 F:\Project\wordpress\wp-includes\general-template.php(204): locate_template(Array, true, false, Array)
#3 F:\Project\wordpress\wp-content\themes\main-theme\app\helpers\app.php(88): get_template_part('/app/views/comp...', '', Array)
#4 F:\Project\wordpress\wp-content\themes\main-theme\app\views\shortcodes\category-product.php(44): renderTemplate('components/loop...')
#5 F:\Project\wordpress\wp-includes\template.php(772): require('F:\\Project\\word...')
#6 F:\Project\wordpress\wp-includes\template.php(716): load_template('F:\\Project\\word...', false, Array)
#7 F:\Project\wordpress\wp-includes\general-template.php(204): locate_template(Array, true, false, Array)
#8 in F:\Project\wordpress\wp-content\themes\main-theme\app\views\components\loop-product-card.php on line 28

2022-05-11T14:37:29+00:00 CRITICAL Uncaught Error: Call to a member function get_permalink() on null in F:\Project\wordpress\wp-content\themes\main-theme\app\views\shortcodes\category-product.php:71
Stack trace:
#0 F:\Project\wordpress\wp-includes\template.php(772): require()
#1 F:\Project\wordpress\wp-includes\template.php(716): load_template('F:\\Project\\word...', false, Array)
#2 F:\Project\wordpress\wp-includes\general-template.php(204): locate_template(Array, true, false, Array)
#3 F:\Project\wordpress\wp-content\themes\main-theme\app\helpers\app.php(88): get_template_part('/app/views/shor...', '', Array)
#4 F:\Project\wordpress\wp-content\themes\main-theme\app\Shortcodes\ProductShortcodes.php(43): renderTemplate('shortcodes/cate...', Array)
#5 F:\Project\wordpress\wp-includes\shortcodes.php(356): App\Shortcodes\ProductShortcodes->categoryProduct(Array, '', 'shop_categories')
#6 [internal function]: do_shortcode_tag(Array)
#7 F:\Project\wordpress\wp-includes\shortcodes.php(228): preg_replace_callback('/\\[(\\[?)(header...', 'do_shortcode in F:\Project\wordpress\wp-content\themes\main-theme\app\views\shortcodes\category-product.php on line 71

2022-05-11T15:37:39+00:00 CRITICAL syntax error, unexpected '}' in F:\Project\wordpress\wp-content\themes\main-theme\app\Shortcodes\HeadingShortcode.php on line 24

2022-05-11T15:37:39+00:00 CRITICAL syntax error, unexpected '}' in F:\Project\wordpress\wp-content\themes\main-theme\app\Shortcodes\HeadingShortcode.php on line 24

